# JRE version: OpenJDK Runtime Environment Temurin-21.0.9+10 (21.0.9+10) (build 21.0.9+10-LTS)
# Java VM: OpenJDK 64-Bit Server VM Temurin-21.0.9+10 (21.0.9+10-LTS, mixed mode, tiered, compressed oops, compressed class ptrs, g1 gc, windows-amd64)
GC Precious Log:
 CardTable entry size: 512
 Card Set container configuration: InlinePtr #cards 4 size 8 Array Of Cards #cards 16 size 48 Howl #buckets 8 coarsen threshold 3686 Howl Bitmap #cards 512 size 80 coarsen threshold 460 Card regions per heap region 1 cards per card region 4096
 CPUs: 8 total, 8 available
 Memory: 16183M
 Large Page Support: Disabled
 NUMA Support: Disabled
 Compressed Oops: Enabled (Zero based)
 Heap Region Size: 2M
 Heap Min Capacity: 8M
 Heap Initial Capacity: 254M
 Heap Max Capacity: 4046M
 Pre-touch: Disabled
 Parallel Workers: 8
 Concurrent Workers: 2
 Concurrent Refinement Workers: 8
 Periodic GC: Disabled
Heap:
 garbage-first heap   total 167936K, used 107135K [0x0000000703200000, 0x0000000800000000)
  region size 2048K, 2 young (4096K), 2 survivors (4096K)
 Metaspace       used 83817K, committed 84928K, reserved 1179648K
  class space    used 9517K, committed 10048K, reserved 1048576K
GC Heap History (20 events):
Event: 6.608 GC heap after
{Heap after GC invocations=20 (full 0):
 garbage-first heap   total 102400K, used 81788K [0x0000000703200000, 0x0000000800000000)
  region size 2048K, 1 young (2048K), 1 survivors (2048K)
 Metaspace       used 67639K, committed 68736K, reserved 1114112K
  class space    used 7630K, committed 8128K, reserved 1048576K
}
Event: 6.615 GC heap before
{Heap before GC invocations=20 (full 0):
 garbage-first heap   total 102400K, used 81788K [0x0000000703200000, 0x0000000800000000)
  region size 2048K, 2 young (4096K), 1 survivors (2048K)
 Metaspace       used 67640K, committed 68736K, reserved 1114112K
  class space    used 7630K, committed 8128K, reserved 1048576K
}
Event: 6.616 GC heap after
{Heap after GC invocations=21 (full 0):
 garbage-first heap   total 102400K, used 81714K [0x0000000703200000, 0x0000000800000000)
  region size 2048K, 1 young (2048K), 1 survivors (2048K)
 Metaspace       used 67640K, committed 68736K, reserved 1114112K
  class space    used 7630K, committed 8128K, reserved 1048576K
}
Event: 7.826 GC heap before
{Heap before GC invocations=22 (full 0):
 garbage-first heap   total 147456K, used 91954K [0x0000000703200000, 0x0000000800000000)
  region size 2048K, 5 young (10240K), 1 survivors (2048K)
 Metaspace       used 68014K, committed 68992K, reserved 1114112K
  class space    used 7679K, committed 8128K, reserved 1048576K
}
Event: 7.828 GC heap after
{Heap after GC invocations=23 (full 0):
 garbage-first heap   total 147456K, used 86327K [0x0000000703200000, 0x0000000800000000)
  region size 2048K, 1 young (2048K), 1 survivors (2048K)
 Metaspace       used 68014K, committed 68992K, reserved 1114112K
  class space    used 7679K, committed 8128K, reserved 1048576K
}
Event: 9.231 GC heap before
{Heap before GC invocations=23 (full 0):
 garbage-first heap   total 147456K, used 131383K [0x0000000703200000, 0x0000000800000000)
  region size 2048K, 24 young (49152K), 1 survivors (2048K)
 Metaspace       used 77843K, committed 78976K, reserved 1179648K
  class space    used 8813K, committed 9344K, reserved 1048576K
}
Event: 9.236 GC heap after
{Heap after GC invocations=24 (full 0):
 garbage-first heap   total 147456K, used 89725K [0x0000000703200000, 0x0000000800000000)
  region size 2048K, 3 young (6144K), 3 survivors (6144K)
 Metaspace       used 77843K, committed 78976K, reserved 1179648K
  class space    used 8813K, committed 9344K, reserved 1048576K
}
Event: 9.500 GC heap before
{Heap before GC invocations=24 (full 0):
 garbage-first heap   total 147456K, used 132733K [0x0000000703200000, 0x0000000800000000)
  region size 2048K, 24 young (49152K), 3 survivors (6144K)
 Metaspace       used 80456K, committed 81600K, reserved 1179648K
  class space    used 9093K, committed 9600K, reserved 1048576K
}
Event: 9.503 GC heap after
{Heap after GC invocations=25 (full 0):
 garbage-first heap   total 147456K, used 90993K [0x0000000703200000, 0x0000000800000000)
  region size 2048K, 1 young (2048K), 1 survivors (2048K)
 Metaspace       used 80456K, committed 81600K, reserved 1179648K
  class space    used 9093K, committed 9600K, reserved 1048576K
}
Event: 10.033 GC heap before
{Heap before GC invocations=26 (full 0):
 garbage-first heap   total 153600K, used 134001K [0x0000000703200000, 0x0000000800000000)
  region size 2048K, 23 young (47104K), 1 survivors (2048K)
 Metaspace       used 81575K, committed 82688K, reserved 1179648K
  class space    used 9239K, committed 9728K, reserved 1048576K
}
Event: 10.035 GC heap after
{Heap after GC invocations=27 (full 0):
 garbage-first heap   total 153600K, used 92304K [0x0000000703200000, 0x0000000800000000)
  region size 2048K, 2 young (4096K), 2 survivors (4096K)
 Metaspace       used 81575K, committed 82688K, reserved 1179648K
  class space    used 9239K, committed 9728K, reserved 1048576K
}
Event: 10.288 GC heap before
{Heap before GC invocations=27 (full 0):
 garbage-first heap   total 153600K, used 139408K [0x0000000703200000, 0x0000000800000000)
  region size 2048K, 26 young (53248K), 2 survivors (4096K)
 Metaspace       used 82800K, committed 83968K, reserved 1179648K
  class space    used 9389K, committed 9920K, reserved 1048576K
}
Event: 10.296 GC heap after
{Heap after GC invocations=28 (full 0):
 garbage-first heap   total 159744K, used 104368K [0x0000000703200000, 0x0000000800000000)
  region size 2048K, 4 young (8192K), 4 survivors (8192K)
 Metaspace       used 82800K, committed 83968K, reserved 1179648K
  class space    used 9389K, committed 9920K, reserved 1048576K
}
Event: 10.510 GC heap before
{Heap before GC invocations=28 (full 0):
 garbage-first heap   total 159744K, used 143280K [0x0000000703200000, 0x0000000800000000)
  region size 2048K, 23 young (47104K), 4 survivors (8192K)
 Metaspace       used 83809K, committed 84928K, reserved 1179648K
  class space    used 9516K, committed 10048K, reserved 1048576K
}
Event: 10.515 GC heap after
{Heap after GC invocations=29 (full 0):
 garbage-first heap   total 159744K, used 102936K [0x0000000703200000, 0x0000000800000000)
  region size 2048K, 1 young (2048K), 1 survivors (2048K)
 Metaspace       used 83809K, committed 84928K, reserved 1179648K
  class space    used 9516K, committed 10048K, reserved 1048576K
}
Event: 10.616 GC heap before
{Heap before GC invocations=30 (full 0):
 garbage-first heap   total 167936K, used 139800K [0x0000000703200000, 0x0000000800000000)
  region size 2048K, 21 young (43008K), 1 survivors (2048K)
 Metaspace       used 83810K, committed 84928K, reserved 1179648K
  class space    used 9516K, committed 10048K, reserved 1048576K
}
Event: 10.621 GC heap after
{Heap after GC invocations=31 (full 0):
 garbage-first heap   total 167936K, used 110103K [0x0000000703200000, 0x0000000800000000)
  region size 2048K, 3 young (6144K), 3 survivors (6144K)
 Metaspace       used 83810K, committed 84928K, reserved 1179648K
  class space    used 9516K, committed 10048K, reserved 1048576K
}
Event: 10.698 GC heap before
{Heap before GC invocations=31 (full 0):
 garbage-first heap   total 167936K, used 146967K [0x0000000703200000, 0x0000000800000000)
  region size 2048K, 21 young (43008K), 3 survivors (6144K)
 Metaspace       used 83814K, committed 84928K, reserved 1179648K
  class space    used 9517K, committed 10048K, reserved 1048576K
}
Event: 10.702 GC heap after
{Heap after GC invocations=32 (full 0):
 garbage-first heap   total 167936K, used 108871K [0x0000000703200000, 0x0000000800000000)
  region size 2048K, 3 young (6144K), 3 survivors (6144K)
 Metaspace       used 83814K, committed 84928K, reserved 1179648K
  class space    used 9517K, committed 10048K, reserved 1048576K
}
Event: 10.809 GC heap before
{Heap before GC invocations=32 (full 0):
 garbage-first heap   total 167936K, used 145735K [0x0000000703200000, 0x0000000800000000)
  region size 2048K, 21 young (43008K), 3 survivors (6144K)
 Metaspace       used 83817K, committed 84928K, reserved 1179648K
  class space    used 9517K, committed 10048K, reserved 1048576K
}

