# JRE version: OpenJDK Runtime Environment Temurin-21.0.9+10 (21.0.9+10) (build 21.0.9+10-LTS)
# Java VM: OpenJDK 64-Bit Server VM Temurin-21.0.9+10 (21.0.9+10-LTS, mixed mode, tiered, compressed oops, compressed class ptrs, g1 gc, windows-amd64)
GC Precious Log:
 CardTable entry size: 512
 Card Set container configuration: InlinePtr #cards 4 size 8 Array Of Cards #cards 16 size 48 Howl #buckets 8 coarsen threshold 3686 Howl Bitmap #cards 512 size 80 coarsen threshold 460 Card regions per heap region 1 cards per card region 4096
 CPUs: 8 total, 8 available
 Memory: 16183M
 Large Page Support: Disabled
 NUMA Support: Disabled
 Compressed Oops: Enabled (Zero based)
 Heap Region Size: 2M
 Heap Min Capacity: 8M
 Heap Initial Capacity: 254M
 Heap Max Capacity: 4046M
 Pre-touch: Disabled
 Parallel Workers: 8
 Concurrent Workers: 2
 Concurrent Refinement Workers: 8
 Periodic GC: Disabled
Heap:
 garbage-first heap   total 159744K, used 139601K [0x0000000703200000, 0x0000000800000000)
  region size 2048K, 30 young (61440K), 1 survivors (2048K)
 Metaspace       used 77239K, committed 78336K, reserved 1179648K
  class space    used 8726K, committed 9216K, reserved 1048576K
GC Heap History (20 events):
Event: 2.213 GC heap before
{Heap before GC invocations=7 (full 0):
 garbage-first heap   total 59392K, used 40219K [0x0000000703200000, 0x0000000800000000)
  region size 2048K, 11 young (22528K), 1 survivors (2048K)
 Metaspace       used 42062K, committed 42624K, reserved 1114112K
  class space    used 4356K, committed 4608K, reserved 1048576K
}
Event: 2.215 GC heap after
{Heap after GC invocations=8 (full 0):
 garbage-first heap   total 59392K, used 23425K [0x0000000703200000, 0x0000000800000000)
  region size 2048K, 2 young (4096K), 2 survivors (4096K)
 Metaspace       used 42062K, committed 42624K, reserved 1114112K
  class space    used 4356K, committed 4608K, reserved 1048576K
}
Event: 2.556 GC heap before
{Heap before GC invocations=8 (full 0):
 garbage-first heap   total 59392K, used 41857K [0x0000000703200000, 0x0000000800000000)
  region size 2048K, 12 young (24576K), 2 survivors (4096K)
 Metaspace       used 46879K, committed 47424K, reserved 1114112K
  class space    used 4873K, committed 5120K, reserved 1048576K
}
Event: 2.558 GC heap after
{Heap after GC invocations=9 (full 0):
 garbage-first heap   total 59392K, used 25393K [0x0000000703200000, 0x0000000800000000)
  region size 2048K, 2 young (4096K), 2 survivors (4096K)
 Metaspace       used 46879K, committed 47424K, reserved 1114112K
  class space    used 4873K, committed 5120K, reserved 1048576K
}
Event: 2.863 GC heap before
{Heap before GC invocations=9 (full 0):
 garbage-first heap   total 59392K, used 45873K [0x0000000703200000, 0x0000000800000000)
  region size 2048K, 13 young (26624K), 2 survivors (4096K)
 Metaspace       used 53257K, committed 53888K, reserved 1114112K
  class space    used 5667K, committed 5952K, reserved 1048576K
}
Event: 2.866 GC heap after
{Heap after GC invocations=10 (full 0):
 garbage-first heap   total 59392K, used 28029K [0x0000000703200000, 0x0000000800000000)
  region size 2048K, 2 young (4096K), 2 survivors (4096K)
 Metaspace       used 53257K, committed 53888K, reserved 1114112K
  class space    used 5667K, committed 5952K, reserved 1048576K
}
Event: 3.310 GC heap before
{Heap before GC invocations=10 (full 0):
 garbage-first heap   total 59392K, used 48509K [0x0000000703200000, 0x0000000800000000)
  region size 2048K, 12 young (24576K), 2 survivors (4096K)
 Metaspace       used 58651K, committed 59648K, reserved 1114112K
  class space    used 6510K, committed 6976K, reserved 1048576K
}
Event: 3.313 GC heap after
{Heap after GC invocations=11 (full 0):
 garbage-first heap   total 59392K, used 32170K [0x0000000703200000, 0x0000000800000000)
  region size 2048K, 2 young (4096K), 2 survivors (4096K)
 Metaspace       used 58651K, committed 59648K, reserved 1114112K
  class space    used 6510K, committed 6976K, reserved 1048576K
}
Event: 3.496 GC heap before
{Heap before GC invocations=11 (full 0):
 garbage-first heap   total 59392K, used 48554K [0x0000000703200000, 0x0000000800000000)
  region size 2048K, 10 young (20480K), 2 survivors (4096K)
 Metaspace       used 58981K, committed 60032K, reserved 1114112K
  class space    used 6545K, committed 7040K, reserved 1048576K
}
Event: 3.498 GC heap after
{Heap after GC invocations=12 (full 0):
 garbage-first heap   total 59392K, used 33166K [0x0000000703200000, 0x0000000800000000)
  region size 2048K, 1 young (2048K), 1 survivors (2048K)
 Metaspace       used 58981K, committed 60032K, reserved 1114112K
  class space    used 6545K, committed 7040K, reserved 1048576K
}
Event: 3.833 GC heap before
{Heap before GC invocations=13 (full 0):
 garbage-first heap   total 59392K, used 49550K [0x0000000703200000, 0x0000000800000000)
  region size 2048K, 9 young (18432K), 1 survivors (2048K)
 Metaspace       used 62673K, committed 63680K, reserved 1114112K
  class space    used 7036K, committed 7488K, reserved 1048576K
}
Event: 3.835 GC heap after
{Heap after GC invocations=14 (full 0):
 garbage-first heap   total 59392K, used 37554K [0x0000000703200000, 0x0000000800000000)
  region size 2048K, 2 young (4096K), 2 survivors (4096K)
 Metaspace       used 62673K, committed 63680K, reserved 1114112K
  class space    used 7036K, committed 7488K, reserved 1048576K
}
Event: 3.995 GC heap before
{Heap before GC invocations=14 (full 0):
 garbage-first heap   total 59392K, used 49842K [0x0000000703200000, 0x0000000800000000)
  region size 2048K, 8 young (16384K), 2 survivors (4096K)
 Metaspace       used 66425K, committed 67456K, reserved 1114112K
  class space    used 7461K, committed 7936K, reserved 1048576K
}
Event: 3.999 GC heap after
{Heap after GC invocations=15 (full 0):
 garbage-first heap   total 59392K, used 40417K [0x0000000703200000, 0x0000000800000000)
  region size 2048K, 1 young (2048K), 1 survivors (2048K)
 Metaspace       used 66425K, committed 67456K, reserved 1114112K
  class space    used 7461K, committed 7936K, reserved 1048576K
}
Event: 4.213 GC heap before
{Heap before GC invocations=15 (full 0):
 garbage-first heap   total 59392K, used 42465K [0x0000000703200000, 0x0000000800000000)
  region size 2048K, 3 young (6144K), 1 survivors (2048K)
 Metaspace       used 67469K, committed 68416K, reserved 1114112K
  class space    used 7594K, committed 8000K, reserved 1048576K
}
Event: 4.215 GC heap after
{Heap after GC invocations=16 (full 0):
 garbage-first heap   total 159744K, used 41233K [0x0000000703200000, 0x0000000800000000)
  region size 2048K, 1 young (2048K), 1 survivors (2048K)
 Metaspace       used 67469K, committed 68416K, reserved 1114112K
  class space    used 7594K, committed 8000K, reserved 1048576K
}
Event: 4.475 GC heap before
{Heap before GC invocations=16 (full 0):
 garbage-first heap   total 159744K, used 94481K [0x0000000703200000, 0x0000000800000000)
  region size 2048K, 14 young (28672K), 1 survivors (2048K)
 Metaspace       used 67523K, committed 68544K, reserved 1114112K
  class space    used 7602K, committed 8064K, reserved 1048576K
}
Event: 4.476 GC heap after
{Heap after GC invocations=17 (full 0):
 garbage-first heap   total 159744K, used 72135K [0x0000000703200000, 0x0000000800000000)
  region size 2048K, 1 young (2048K), 1 survivors (2048K)
 Metaspace       used 67523K, committed 68544K, reserved 1114112K
  class space    used 7602K, committed 8064K, reserved 1048576K
}
Event: 4.489 GC heap before
{Heap before GC invocations=17 (full 0):
 garbage-first heap   total 159744K, used 78279K [0x0000000703200000, 0x0000000800000000)
  region size 2048K, 3 young (6144K), 1 survivors (2048K)
 Metaspace       used 67524K, committed 68544K, reserved 1114112K
  class space    used 7602K, committed 8064K, reserved 1048576K
}
Event: 4.490 GC heap after
{Heap after GC invocations=18 (full 0):
 garbage-first heap   total 159744K, used 76113K [0x0000000703200000, 0x0000000800000000)
  region size 2048K, 1 young (2048K), 1 survivors (2048K)
 Metaspace       used 67524K, committed 68544K, reserved 1114112K
  class space    used 7602K, committed 8064K, reserved 1048576K
}

