# JRE version: OpenJDK Runtime Environment Temurin-21.0.9+10 (21.0.9+10) (build 21.0.9+10-LTS)
# Java VM: OpenJDK 64-Bit Server VM Temurin-21.0.9+10 (21.0.9+10-LTS, mixed mode, tiered, compressed oops, compressed class ptrs, g1 gc, windows-amd64)
GC Precious Log:
 CardTable entry size: 512
 Card Set container configuration: InlinePtr #cards 4 size 8 Array Of Cards #cards 16 size 48 Howl #buckets 8 coarsen threshold 3686 Howl Bitmap #cards 512 size 80 coarsen threshold 460 Card regions per heap region 1 cards per card region 4096
 CPUs: 8 total, 8 available
 Memory: 16183M
 Large Page Support: Disabled
 NUMA Support: Disabled
 Compressed Oops: Enabled (Zero based)
 Heap Region Size: 2M
 Heap Min Capacity: 8M
 Heap Initial Capacity: 254M
 Heap Max Capacity: 4046M
 Pre-touch: Disabled
 Parallel Workers: 8
 Concurrent Workers: 2
 Concurrent Refinement Workers: 8
 Periodic GC: Disabled
Heap:
 garbage-first heap   total 559104K, used 119781K [0x0000000703200000, 0x0000000800000000)
  region size 2048K, 8 young (16384K), 8 survivors (16384K)
 Metaspace       used 86805K, committed 88000K, reserved 1179648K
  class space    used 9781K, committed 10304K, reserved 1048576K
GC Heap History (20 events):
Event: 72.288 GC heap after
{Heap after GC invocations=37 (full 0):
 garbage-first heap   total 256000K, used 111558K [0x0000000703200000, 0x0000000800000000)
  region size 2048K, 3 young (6144K), 3 survivors (6144K)
 Metaspace       used 86791K, committed 87936K, reserved 1179648K
  class space    used 9781K, committed 10304K, reserved 1048576K
}
Event: 72.346 GC heap before
{Heap before GC invocations=38 (full 0):
 garbage-first heap   total 256000K, used 238534K [0x0000000703200000, 0x0000000800000000)
  region size 2048K, 65 young (133120K), 3 survivors (6144K)
 Metaspace       used 86791K, committed 87936K, reserved 1179648K
  class space    used 9781K, committed 10304K, reserved 1048576K
}
Event: 72.349 GC heap after
{Heap after GC invocations=39 (full 0):
 garbage-first heap   total 256000K, used 113609K [0x0000000703200000, 0x0000000800000000)
  region size 2048K, 4 young (8192K), 4 survivors (8192K)
 Metaspace       used 86791K, committed 87936K, reserved 1179648K
  class space    used 9781K, committed 10304K, reserved 1048576K
}
Event: 72.376 GC heap before
{Heap before GC invocations=39 (full 0):
 garbage-first heap   total 256000K, used 240585K [0x0000000703200000, 0x0000000800000000)
  region size 2048K, 66 young (135168K), 4 survivors (8192K)
 Metaspace       used 86791K, committed 87936K, reserved 1179648K
  class space    used 9781K, committed 10304K, reserved 1048576K
}
Event: 72.379 GC heap after
{Heap after GC invocations=40 (full 0):
 garbage-first heap   total 256000K, used 112561K [0x0000000703200000, 0x0000000800000000)
  region size 2048K, 4 young (8192K), 4 survivors (8192K)
 Metaspace       used 86791K, committed 87936K, reserved 1179648K
  class space    used 9781K, committed 10304K, reserved 1048576K
}
Event: 72.427 GC heap before
{Heap before GC invocations=40 (full 0):
 garbage-first heap   total 256000K, used 237489K [0x0000000703200000, 0x0000000800000000)
  region size 2048K, 66 young (135168K), 4 survivors (8192K)
 Metaspace       used 86801K, committed 88000K, reserved 1179648K
  class space    used 9781K, committed 10304K, reserved 1048576K
}
Event: 72.430 GC heap after
{Heap after GC invocations=41 (full 0):
 garbage-first heap   total 256000K, used 113616K [0x0000000703200000, 0x0000000800000000)
  region size 2048K, 5 young (10240K), 5 survivors (10240K)
 Metaspace       used 86801K, committed 88000K, reserved 1179648K
  class space    used 9781K, committed 10304K, reserved 1048576K
}
Event: 72.469 GC heap before
{Heap before GC invocations=41 (full 0):
 garbage-first heap   total 256000K, used 238544K [0x0000000703200000, 0x0000000800000000)
  region size 2048K, 66 young (135168K), 5 survivors (10240K)
 Metaspace       used 86801K, committed 88000K, reserved 1179648K
  class space    used 9781K, committed 10304K, reserved 1048576K
}
Event: 72.472 GC heap after
{Heap after GC invocations=42 (full 0):
 garbage-first heap   total 256000K, used 113497K [0x0000000703200000, 0x0000000800000000)
  region size 2048K, 5 young (10240K), 5 survivors (10240K)
 Metaspace       used 86801K, committed 88000K, reserved 1179648K
  class space    used 9781K, committed 10304K, reserved 1048576K
}
Event: 72.533 GC heap before
{Heap before GC invocations=43 (full 0):
 garbage-first heap   total 256000K, used 238425K [0x0000000703200000, 0x0000000800000000)
  region size 2048K, 66 young (135168K), 5 survivors (10240K)
 Metaspace       used 86801K, committed 88000K, reserved 1179648K
  class space    used 9781K, committed 10304K, reserved 1048576K
}
Event: 72.536 GC heap after
{Heap after GC invocations=44 (full 0):
 garbage-first heap   total 256000K, used 114560K [0x0000000703200000, 0x0000000800000000)
  region size 2048K, 5 young (10240K), 5 survivors (10240K)
 Metaspace       used 86801K, committed 88000K, reserved 1179648K
  class space    used 9781K, committed 10304K, reserved 1048576K
}
Event: 72.562 GC heap before
{Heap before GC invocations=44 (full 0):
 garbage-first heap   total 256000K, used 239488K [0x0000000703200000, 0x0000000800000000)
  region size 2048K, 66 young (135168K), 5 survivors (10240K)
 Metaspace       used 86801K, committed 88000K, reserved 1179648K
  class space    used 9781K, committed 10304K, reserved 1048576K
}
Event: 72.567 GC heap after
{Heap after GC invocations=45 (full 0):
 garbage-first heap   total 559104K, used 114376K [0x0000000703200000, 0x0000000800000000)
  region size 2048K, 5 young (10240K), 5 survivors (10240K)
 Metaspace       used 86801K, committed 88000K, reserved 1179648K
  class space    used 9781K, committed 10304K, reserved 1048576K
}
Event: 72.689 GC heap before
{Heap before GC invocations=45 (full 0):
 garbage-first heap   total 559104K, used 437960K [0x0000000703200000, 0x0000000800000000)
  region size 2048K, 163 young (333824K), 5 survivors (10240K)
 Metaspace       used 86801K, committed 88000K, reserved 1179648K
  class space    used 9781K, committed 10304K, reserved 1048576K
}
Event: 72.694 GC heap after
{Heap after GC invocations=46 (full 0):
 garbage-first heap   total 559104K, used 115750K [0x0000000703200000, 0x0000000800000000)
  region size 2048K, 6 young (12288K), 6 survivors (12288K)
 Metaspace       used 86801K, committed 88000K, reserved 1179648K
  class space    used 9781K, committed 10304K, reserved 1048576K
}
Event: 72.811 GC heap before
{Heap before GC invocations=46 (full 0):
 garbage-first heap   total 559104K, used 437286K [0x0000000703200000, 0x0000000800000000)
  region size 2048K, 163 young (333824K), 6 survivors (12288K)
 Metaspace       used 86802K, committed 88000K, reserved 1179648K
  class space    used 9781K, committed 10304K, reserved 1048576K
}
Event: 72.816 GC heap after
{Heap after GC invocations=47 (full 0):
 garbage-first heap   total 559104K, used 116945K [0x0000000703200000, 0x0000000800000000)
  region size 2048K, 7 young (14336K), 7 survivors (14336K)
 Metaspace       used 86802K, committed 88000K, reserved 1179648K
  class space    used 9781K, committed 10304K, reserved 1048576K
}
Event: 72.928 GC heap before
{Heap before GC invocations=47 (full 0):
 garbage-first heap   total 559104K, used 436433K [0x0000000703200000, 0x0000000800000000)
  region size 2048K, 163 young (333824K), 7 survivors (14336K)
 Metaspace       used 86803K, committed 88000K, reserved 1179648K
  class space    used 9781K, committed 10304K, reserved 1048576K
}
Event: 72.933 GC heap after
{Heap after GC invocations=48 (full 0):
 garbage-first heap   total 559104K, used 119613K [0x0000000703200000, 0x0000000800000000)
  region size 2048K, 8 young (16384K), 8 survivors (16384K)
 Metaspace       used 86803K, committed 88000K, reserved 1179648K
  class space    used 9781K, committed 10304K, reserved 1048576K
}
Event: 73.043 GC heap before
{Heap before GC invocations=48 (full 0):
 garbage-first heap   total 559104K, used 437053K [0x0000000703200000, 0x0000000800000000)
  region size 2048K, 163 young (333824K), 8 survivors (16384K)
 Metaspace       used 86805K, committed 88000K, reserved 1179648K
  class space    used 9781K, committed 10304K, reserved 1048576K
}

