# JRE version: OpenJDK Runtime Environment Temurin-21.0.9+10 (21.0.9+10) (build 21.0.9+10-LTS)
# Java VM: OpenJDK 64-Bit Server VM Temurin-21.0.9+10 (21.0.9+10-LTS, mixed mode, tiered, compressed oops, compressed class ptrs, g1 gc, windows-amd64)
GC Precious Log:
 CardTable entry size: 512
 Card Set container configuration: InlinePtr #cards 4 size 8 Array Of Cards #cards 16 size 48 Howl #buckets 8 coarsen threshold 3686 Howl Bitmap #cards 512 size 80 coarsen threshold 460 Card regions per heap region 1 cards per card region 4096
 CPUs: 8 total, 8 available
 Memory: 16183M
 Large Page Support: Disabled
 NUMA Support: Disabled
 Compressed Oops: Enabled (Zero based)
 Heap Region Size: 2M
 Heap Min Capacity: 8M
 Heap Initial Capacity: 254M
 Heap Max Capacity: 4046M
 Pre-touch: Disabled
 Parallel Workers: 8
 Concurrent Workers: 2
 Concurrent Refinement Workers: 8
 Periodic GC: Disabled
Heap:
 garbage-first heap   total 151552K, used 98646K [0x0000000703200000, 0x0000000800000000)
  region size 2048K, 1 young (2048K), 1 survivors (2048K)
 Metaspace       used 76719K, committed 77824K, reserved 1179648K
  class space    used 8630K, committed 9152K, reserved 1048576K
GC Heap History (20 events):
Event: 4.074 GC heap after
{Heap after GC invocations=15 (full 0):
 garbage-first heap   total 59392K, used 40161K [0x0000000703200000, 0x0000000800000000)
  region size 2048K, 1 young (2048K), 1 survivors (2048K)
 Metaspace       used 66404K, committed 67392K, reserved 1114112K
  class space    used 7453K, committed 7936K, reserved 1048576K
}
Event: 4.332 GC heap before
{Heap before GC invocations=15 (full 0):
 garbage-first heap   total 59392K, used 42209K [0x0000000703200000, 0x0000000800000000)
  region size 2048K, 3 young (6144K), 1 survivors (2048K)
 Metaspace       used 67461K, committed 68480K, reserved 1114112K
  class space    used 7592K, committed 8064K, reserved 1048576K
}
Event: 4.334 GC heap after
{Heap after GC invocations=16 (full 0):
 garbage-first heap   total 59392K, used 39892K [0x0000000703200000, 0x0000000800000000)
  region size 2048K, 1 young (2048K), 1 survivors (2048K)
 Metaspace       used 67461K, committed 68480K, reserved 1114112K
  class space    used 7592K, committed 8064K, reserved 1048576K
}
Event: 4.373 GC heap before
{Heap before GC invocations=17 (full 0):
 garbage-first heap   total 81920K, used 56276K [0x0000000703200000, 0x0000000800000000)
  region size 2048K, 6 young (12288K), 1 survivors (2048K)
 Metaspace       used 67474K, committed 68480K, reserved 1114112K
  class space    used 7592K, committed 8064K, reserved 1048576K
}
Event: 4.374 GC heap after
{Heap after GC invocations=18 (full 0):
 garbage-first heap   total 81920K, used 50210K [0x0000000703200000, 0x0000000800000000)
  region size 2048K, 1 young (2048K), 1 survivors (2048K)
 Metaspace       used 67474K, committed 68480K, reserved 1114112K
  class space    used 7592K, committed 8064K, reserved 1048576K
}
Event: 4.708 GC heap before
{Heap before GC invocations=19 (full 0):
 garbage-first heap   total 104448K, used 97314K [0x0000000703200000, 0x0000000800000000)
  region size 2048K, 11 young (22528K), 1 survivors (2048K)
 Metaspace       used 67548K, committed 68544K, reserved 1114112K
  class space    used 7608K, committed 8064K, reserved 1048576K
}
Event: 4.711 GC heap after
{Heap after GC invocations=20 (full 0):
 garbage-first heap   total 104448K, used 78963K [0x0000000703200000, 0x0000000800000000)
  region size 2048K, 1 young (2048K), 1 survivors (2048K)
 Metaspace       used 67548K, committed 68544K, reserved 1114112K
  class space    used 7608K, committed 8064K, reserved 1048576K
}
Event: 5.254 GC heap before
{Heap before GC invocations=20 (full 0):
 garbage-first heap   total 104448K, used 95347K [0x0000000703200000, 0x0000000800000000)
  region size 2048K, 8 young (16384K), 1 survivors (2048K)
 Metaspace       used 68306K, committed 69376K, reserved 1114112K
  class space    used 7706K, committed 8192K, reserved 1048576K
}
Event: 5.255 GC heap after
{Heap after GC invocations=21 (full 0):
 garbage-first heap   total 104448K, used 83454K [0x0000000703200000, 0x0000000800000000)
  region size 2048K, 1 young (2048K), 1 survivors (2048K)
 Metaspace       used 68306K, committed 69376K, reserved 1114112K
  class space    used 7706K, committed 8192K, reserved 1048576K
}
Event: 5.386 GC heap before
{Heap before GC invocations=21 (full 0):
 garbage-first heap   total 104448K, used 93694K [0x0000000703200000, 0x0000000800000000)
  region size 2048K, 7 young (14336K), 1 survivors (2048K)
 Metaspace       used 70959K, committed 72064K, reserved 1114112K
  class space    used 7973K, committed 8512K, reserved 1048576K
}
Event: 5.388 GC heap after
{Heap after GC invocations=22 (full 0):
 garbage-first heap   total 104448K, used 84339K [0x0000000703200000, 0x0000000800000000)
  region size 2048K, 1 young (2048K), 1 survivors (2048K)
 Metaspace       used 70959K, committed 72064K, reserved 1114112K
  class space    used 7973K, committed 8512K, reserved 1048576K
}
Event: 5.492 GC heap before
{Heap before GC invocations=23 (full 0):
 garbage-first heap   total 143360K, used 92531K [0x0000000703200000, 0x0000000800000000)
  region size 2048K, 6 young (12288K), 1 survivors (2048K)
 Metaspace       used 72222K, committed 73344K, reserved 1114112K
  class space    used 8107K, committed 8640K, reserved 1048576K
}
Event: 5.493 GC heap after
{Heap after GC invocations=24 (full 0):
 garbage-first heap   total 143360K, used 84671K [0x0000000703200000, 0x0000000800000000)
  region size 2048K, 1 young (2048K), 1 survivors (2048K)
 Metaspace       used 72222K, committed 73344K, reserved 1114112K
  class space    used 8107K, committed 8640K, reserved 1048576K
}
Event: 5.847 GC heap before
{Heap before GC invocations=24 (full 0):
 garbage-first heap   total 143360K, used 127679K [0x0000000703200000, 0x0000000800000000)
  region size 2048K, 22 young (45056K), 1 survivors (2048K)
 Metaspace       used 73841K, committed 75008K, reserved 1179648K
  class space    used 8298K, committed 8832K, reserved 1048576K
}
Event: 5.851 GC heap after
{Heap after GC invocations=25 (full 0):
 garbage-first heap   total 143360K, used 86033K [0x0000000703200000, 0x0000000800000000)
  region size 2048K, 2 young (4096K), 2 survivors (4096K)
 Metaspace       used 73841K, committed 75008K, reserved 1179648K
  class space    used 8298K, committed 8832K, reserved 1048576K
}
Event: 6.255 GC heap before
{Heap before GC invocations=25 (full 0):
 garbage-first heap   total 143360K, used 129041K [0x0000000703200000, 0x0000000800000000)
  region size 2048K, 23 young (47104K), 2 survivors (4096K)
 Metaspace       used 75051K, committed 76224K, reserved 1179648K
  class space    used 8421K, committed 8960K, reserved 1048576K
}
Event: 6.258 GC heap after
{Heap after GC invocations=26 (full 0):
 garbage-first heap   total 143360K, used 87229K [0x0000000703200000, 0x0000000800000000)
  region size 2048K, 3 young (6144K), 3 survivors (6144K)
 Metaspace       used 75051K, committed 76224K, reserved 1179648K
  class space    used 8421K, committed 8960K, reserved 1048576K
}
Event: 6.376 GC heap before
{Heap before GC invocations=27 (full 0):
 garbage-first heap   total 151552K, used 130237K [0x0000000703200000, 0x0000000800000000)
  region size 2048K, 24 young (49152K), 3 survivors (6144K)
 Metaspace       used 75388K, committed 76480K, reserved 1179648K
  class space    used 8471K, committed 8960K, reserved 1048576K
}
Event: 6.383 GC heap after
{Heap after GC invocations=28 (full 0):
 garbage-first heap   total 151552K, used 99336K [0x0000000703200000, 0x0000000800000000)
  region size 2048K, 3 young (6144K), 3 survivors (6144K)
 Metaspace       used 75388K, committed 76480K, reserved 1179648K
  class space    used 8471K, committed 8960K, reserved 1048576K
}
Event: 6.528 GC heap before
{Heap before GC invocations=28 (full 0):
 garbage-first heap   total 151552K, used 132104K [0x0000000703200000, 0x0000000800000000)
  region size 2048K, 20 young (40960K), 3 survivors (6144K)
 Metaspace       used 76719K, committed 77824K, reserved 1179648K
  class space    used 8630K, committed 9152K, reserved 1048576K
}

