# JRE version: OpenJDK Runtime Environment Temurin-21.0.9+10 (21.0.9+10) (build 21.0.9+10-LTS)
# Java VM: OpenJDK 64-Bit Server VM Temurin-21.0.9+10 (21.0.9+10-LTS, mixed mode, tiered, compressed oops, compressed class ptrs, g1 gc, windows-amd64)
GC Precious Log:
 CardTable entry size: 512
 Card Set container configuration: InlinePtr #cards 4 size 8 Array Of Cards #cards 16 size 48 Howl #buckets 8 coarsen threshold 3686 Howl Bitmap #cards 512 size 80 coarsen threshold 460 Card regions per heap region 1 cards per card region 4096
 CPUs: 8 total, 8 available
 Memory: 16183M
 Large Page Support: Disabled
 NUMA Support: Disabled
 Compressed Oops: Enabled (Zero based)
 Heap Region Size: 2M
 Heap Min Capacity: 8M
 Heap Initial Capacity: 254M
 Heap Max Capacity: 4046M
 Pre-touch: Disabled
 Parallel Workers: 8
 Concurrent Workers: 2
 Concurrent Refinement Workers: 8
 Periodic GC: Disabled
Heap:
 garbage-first heap   total 143360K, used 108027K [0x0000000703200000, 0x0000000800000000)
  region size 2048K, 14 young (28672K), 2 survivors (4096K)
 Metaspace       used 75431K, committed 76480K, reserved 1179648K
  class space    used 8478K, committed 8960K, reserved 1048576K
GC Heap History (20 events):
Event: 3.320 GC heap before
{Heap before GC invocations=10 (full 0):
 garbage-first heap   total 59392K, used 48557K [0x0000000703200000, 0x0000000800000000)
  region size 2048K, 12 young (24576K), 2 survivors (4096K)
 Metaspace       used 58593K, committed 59584K, reserved 1114112K
  class space    used 6497K, committed 6976K, reserved 1048576K
}
Event: 3.322 GC heap after
{Heap after GC invocations=11 (full 0):
 garbage-first heap   total 59392K, used 31136K [0x0000000703200000, 0x0000000800000000)
  region size 2048K, 2 young (4096K), 2 survivors (4096K)
 Metaspace       used 58593K, committed 59584K, reserved 1114112K
  class space    used 6497K, committed 6976K, reserved 1048576K
}
Event: 3.511 GC heap before
{Heap before GC invocations=11 (full 0):
 garbage-first heap   total 59392K, used 45472K [0x0000000703200000, 0x0000000800000000)
  region size 2048K, 10 young (20480K), 2 survivors (4096K)
 Metaspace       used 58939K, committed 59904K, reserved 1114112K
  class space    used 6533K, committed 6976K, reserved 1048576K
}
Event: 3.513 GC heap after
{Heap after GC invocations=12 (full 0):
 garbage-first heap   total 59392K, used 32675K [0x0000000703200000, 0x0000000800000000)
  region size 2048K, 1 young (2048K), 1 survivors (2048K)
 Metaspace       used 58939K, committed 59904K, reserved 1114112K
  class space    used 6533K, committed 6976K, reserved 1048576K
}
Event: 3.683 GC heap before
{Heap before GC invocations=13 (full 0):
 garbage-first heap   total 59392K, used 38819K [0x0000000703200000, 0x0000000800000000)
  region size 2048K, 5 young (10240K), 1 survivors (2048K)
 Metaspace       used 60623K, committed 61632K, reserved 1114112K
  class space    used 6774K, committed 7232K, reserved 1048576K
}
Event: 3.684 GC heap after
{Heap after GC invocations=14 (full 0):
 garbage-first heap   total 59392K, used 33779K [0x0000000703200000, 0x0000000800000000)
  region size 2048K, 2 young (4096K), 2 survivors (4096K)
 Metaspace       used 60623K, committed 61632K, reserved 1114112K
  class space    used 6774K, committed 7232K, reserved 1048576K
}
Event: 3.905 GC heap before
{Heap before GC invocations=15 (full 0):
 garbage-first heap   total 65536K, used 48115K [0x0000000703200000, 0x0000000800000000)
  region size 2048K, 9 young (18432K), 2 survivors (4096K)
 Metaspace       used 63333K, committed 64320K, reserved 1114112K
  class space    used 7097K, committed 7552K, reserved 1048576K
}
Event: 3.908 GC heap after
{Heap after GC invocations=16 (full 0):
 garbage-first heap   total 65536K, used 39682K [0x0000000703200000, 0x0000000800000000)
  region size 2048K, 2 young (4096K), 2 survivors (4096K)
 Metaspace       used 63333K, committed 64320K, reserved 1114112K
  class space    used 7097K, committed 7552K, reserved 1048576K
}
Event: 4.448 GC heap before
{Heap before GC invocations=16 (full 0):
 garbage-first heap   total 65536K, used 47874K [0x0000000703200000, 0x0000000800000000)
  region size 2048K, 8 young (16384K), 2 survivors (4096K)
 Metaspace       used 67423K, committed 68416K, reserved 1114112K
  class space    used 7585K, committed 8064K, reserved 1048576K
}
Event: 4.451 GC heap after
{Heap after GC invocations=17 (full 0):
 garbage-first heap   total 79872K, used 40104K [0x0000000703200000, 0x0000000800000000)
  region size 2048K, 1 young (2048K), 1 survivors (2048K)
 Metaspace       used 67423K, committed 68416K, reserved 1114112K
  class space    used 7585K, committed 8064K, reserved 1048576K
}
Event: 4.766 GC heap before
{Heap before GC invocations=18 (full 0):
 garbage-first heap   total 88064K, used 87208K [0x0000000703200000, 0x0000000800000000)
  region size 2048K, 11 young (22528K), 1 survivors (2048K)
 Metaspace       used 67468K, committed 68480K, reserved 1114112K
  class space    used 7592K, committed 8064K, reserved 1048576K
}
Event: 4.767 GC heap after
{Heap after GC invocations=19 (full 0):
 garbage-first heap   total 90112K, used 66998K [0x0000000703200000, 0x0000000800000000)
  region size 2048K, 1 young (2048K), 1 survivors (2048K)
 Metaspace       used 67468K, committed 68480K, reserved 1114112K
  class space    used 7592K, committed 8064K, reserved 1048576K
}
Event: 4.832 GC heap before
{Heap before GC invocations=19 (full 0):
 garbage-first heap   total 90112K, used 89526K [0x0000000703200000, 0x0000000800000000)
  region size 2048K, 6 young (12288K), 1 survivors (2048K)
 Metaspace       used 67471K, committed 68544K, reserved 1114112K
  class space    used 7592K, committed 8064K, reserved 1048576K
}
Event: 4.834 GC heap after
{Heap after GC invocations=20 (full 0):
 garbage-first heap   total 96256K, used 78639K [0x0000000703200000, 0x0000000800000000)
  region size 2048K, 1 young (2048K), 1 survivors (2048K)
 Metaspace       used 67471K, committed 68544K, reserved 1114112K
  class space    used 7592K, committed 8064K, reserved 1048576K
}
Event: 4.842 GC heap before
{Heap before GC invocations=20 (full 0):
 garbage-first heap   total 96256K, used 80687K [0x0000000703200000, 0x0000000800000000)
  region size 2048K, 3 young (6144K), 1 survivors (2048K)
 Metaspace       used 67471K, committed 68544K, reserved 1114112K
  class space    used 7592K, committed 8064K, reserved 1048576K
}
Event: 4.843 GC heap after
{Heap after GC invocations=21 (full 0):
 garbage-first heap   total 96256K, used 78463K [0x0000000703200000, 0x0000000800000000)
  region size 2048K, 1 young (2048K), 1 survivors (2048K)
 Metaspace       used 67471K, committed 68544K, reserved 1114112K
  class space    used 7592K, committed 8064K, reserved 1048576K
}
Event: 5.252 GC heap before
{Heap before GC invocations=22 (full 0):
 garbage-first heap   total 143360K, used 90751K [0x0000000703200000, 0x0000000800000000)
  region size 2048K, 5 young (10240K), 1 survivors (2048K)
 Metaspace       used 67944K, committed 69056K, reserved 1114112K
  class space    used 7653K, committed 8192K, reserved 1048576K
}
Event: 5.254 GC heap after
{Heap after GC invocations=23 (full 0):
 garbage-first heap   total 143360K, used 83096K [0x0000000703200000, 0x0000000800000000)
  region size 2048K, 1 young (2048K), 1 survivors (2048K)
 Metaspace       used 67944K, committed 69056K, reserved 1114112K
  class space    used 7653K, committed 8192K, reserved 1048576K
}
Event: 6.024 GC heap before
{Heap before GC invocations=23 (full 0):
 garbage-first heap   total 143360K, used 128152K [0x0000000703200000, 0x0000000800000000)
  region size 2048K, 24 young (49152K), 1 survivors (2048K)
 Metaspace       used 74695K, committed 75776K, reserved 1179648K
  class space    used 8390K, committed 8896K, reserved 1048576K
}
Event: 6.031 GC heap after
{Heap after GC invocations=24 (full 0):
 garbage-first heap   total 143360K, used 85499K [0x0000000703200000, 0x0000000800000000)
  region size 2048K, 2 young (4096K), 2 survivors (4096K)
 Metaspace       used 74695K, committed 75776K, reserved 1179648K
  class space    used 8390K, committed 8896K, reserved 1048576K
}

