# JRE version: OpenJDK Runtime Environment Temurin-21.0.9+10 (21.0.9+10) (build 21.0.9+10-LTS)
# Java VM: OpenJDK 64-Bit Server VM Temurin-21.0.9+10 (21.0.9+10-LTS, mixed mode, tiered, compressed oops, compressed class ptrs, g1 gc, windows-amd64)
GC Precious Log:
 CardTable entry size: 512
 Card Set container configuration: InlinePtr #cards 4 size 8 Array Of Cards #cards 16 size 48 Howl #buckets 8 coarsen threshold 3686 Howl Bitmap #cards 512 size 80 coarsen threshold 460 Card regions per heap region 1 cards per card region 4096
 CPUs: 8 total, 8 available
 Memory: 16183M
 Large Page Support: Disabled
 NUMA Support: Disabled
 Compressed Oops: Enabled (Zero based)
 Heap Region Size: 2M
 Heap Min Capacity: 8M
 Heap Initial Capacity: 254M
 Heap Max Capacity: 4046M
 Pre-touch: Disabled
 Parallel Workers: 8
 Concurrent Workers: 2
 Concurrent Refinement Workers: 8
 Periodic GC: Disabled
Heap:
 garbage-first heap   total 346112K, used 115776K [0x0000000703200000, 0x0000000800000000)
  region size 2048K, 7 young (14336K), 7 survivors (14336K)
 Metaspace       used 86879K, committed 88000K, reserved 1179648K
  class space    used 9791K, committed 10304K, reserved 1048576K
GC Heap History (20 events):
Event: 9.223 GC heap after
{Heap after GC invocations=36 (full 0):
 garbage-first heap   total 264192K, used 105048K [0x0000000703200000, 0x0000000800000000)
  region size 2048K, 3 young (6144K), 3 survivors (6144K)
 Metaspace       used 86804K, committed 87936K, reserved 1179648K
  class space    used 9788K, committed 10304K, reserved 1048576K
}
Event: 9.362 GC heap before
{Heap before GC invocations=36 (full 0):
 garbage-first heap   total 264192K, used 244312K [0x0000000703200000, 0x0000000800000000)
  region size 2048K, 71 young (145408K), 3 survivors (6144K)
 Metaspace       used 86814K, committed 87936K, reserved 1179648K
  class space    used 9788K, committed 10304K, reserved 1048576K
}
Event: 9.364 GC heap after
{Heap after GC invocations=37 (full 0):
 garbage-first heap   total 264192K, used 106990K [0x0000000703200000, 0x0000000800000000)
  region size 2048K, 4 young (8192K), 4 survivors (8192K)
 Metaspace       used 86814K, committed 87936K, reserved 1179648K
  class space    used 9788K, committed 10304K, reserved 1048576K
}
Event: 9.483 GC heap before
{Heap before GC invocations=37 (full 0):
 garbage-first heap   total 264192K, used 242158K [0x0000000703200000, 0x0000000800000000)
  region size 2048K, 70 young (143360K), 4 survivors (8192K)
 Metaspace       used 86834K, committed 87936K, reserved 1179648K
  class space    used 9788K, committed 10304K, reserved 1048576K
}
Event: 9.487 GC heap after
{Heap after GC invocations=38 (full 0):
 garbage-first heap   total 264192K, used 111411K [0x0000000703200000, 0x0000000800000000)
  region size 2048K, 6 young (12288K), 6 survivors (12288K)
 Metaspace       used 86834K, committed 87936K, reserved 1179648K
  class space    used 9788K, committed 10304K, reserved 1048576K
}
Event: 9.674 GC heap before
{Heap before GC invocations=38 (full 0):
 garbage-first heap   total 264192K, used 242483K [0x0000000703200000, 0x0000000800000000)
  region size 2048K, 70 young (143360K), 6 survivors (12288K)
 Metaspace       used 86853K, committed 87936K, reserved 1179648K
  class space    used 9788K, committed 10304K, reserved 1048576K
}
Event: 9.677 GC heap after
{Heap after GC invocations=39 (full 0):
 garbage-first heap   total 264192K, used 110728K [0x0000000703200000, 0x0000000800000000)
  region size 2048K, 5 young (10240K), 5 survivors (10240K)
 Metaspace       used 86853K, committed 87936K, reserved 1179648K
  class space    used 9788K, committed 10304K, reserved 1048576K
}
Event: 9.775 GC heap before
{Heap before GC invocations=40 (full 0):
 garbage-first heap   total 264192K, used 245896K [0x0000000703200000, 0x0000000800000000)
  region size 2048K, 71 young (145408K), 5 survivors (10240K)
 Metaspace       used 86853K, committed 87936K, reserved 1179648K
  class space    used 9788K, committed 10304K, reserved 1048576K
}
Event: 9.778 GC heap after
{Heap after GC invocations=41 (full 0):
 garbage-first heap   total 264192K, used 112340K [0x0000000703200000, 0x0000000800000000)
  region size 2048K, 5 young (10240K), 5 survivors (10240K)
 Metaspace       used 86853K, committed 87936K, reserved 1179648K
  class space    used 9788K, committed 10304K, reserved 1048576K
}
Event: 9.847 GC heap before
{Heap before GC invocations=41 (full 0):
 garbage-first heap   total 264192K, used 249556K [0x0000000703200000, 0x0000000800000000)
  region size 2048K, 72 young (147456K), 5 survivors (10240K)
 Metaspace       used 86877K, committed 88000K, reserved 1179648K
  class space    used 9791K, committed 10304K, reserved 1048576K
}
Event: 9.852 GC heap after
{Heap after GC invocations=42 (full 0):
 garbage-first heap   total 346112K, used 111843K [0x0000000703200000, 0x0000000800000000)
  region size 2048K, 5 young (10240K), 5 survivors (10240K)
 Metaspace       used 86877K, committed 88000K, reserved 1179648K
  class space    used 9791K, committed 10304K, reserved 1048576K
}
Event: 9.914 GC heap before
{Heap before GC invocations=42 (full 0):
 garbage-first heap   total 346112K, used 308451K [0x0000000703200000, 0x0000000800000000)
  region size 2048K, 101 young (206848K), 5 survivors (10240K)
 Metaspace       used 86877K, committed 88000K, reserved 1179648K
  class space    used 9791K, committed 10304K, reserved 1048576K
}
Event: 9.917 GC heap after
{Heap after GC invocations=43 (full 0):
 garbage-first heap   total 346112K, used 111985K [0x0000000703200000, 0x0000000800000000)
  region size 2048K, 5 young (10240K), 5 survivors (10240K)
 Metaspace       used 86877K, committed 88000K, reserved 1179648K
  class space    used 9791K, committed 10304K, reserved 1048576K
}
Event: 9.998 GC heap before
{Heap before GC invocations=43 (full 0):
 garbage-first heap   total 346112K, used 308593K [0x0000000703200000, 0x0000000800000000)
  region size 2048K, 101 young (206848K), 5 survivors (10240K)
 Metaspace       used 86878K, committed 88000K, reserved 1179648K
  class space    used 9791K, committed 10304K, reserved 1048576K
}
Event: 10.001 GC heap after
{Heap after GC invocations=44 (full 0):
 garbage-first heap   total 346112K, used 113207K [0x0000000703200000, 0x0000000800000000)
  region size 2048K, 5 young (10240K), 5 survivors (10240K)
 Metaspace       used 86878K, committed 88000K, reserved 1179648K
  class space    used 9791K, committed 10304K, reserved 1048576K
}
Event: 10.070 GC heap before
{Heap before GC invocations=44 (full 0):
 garbage-first heap   total 346112K, used 309815K [0x0000000703200000, 0x0000000800000000)
  region size 2048K, 101 young (206848K), 5 survivors (10240K)
 Metaspace       used 86878K, committed 88000K, reserved 1179648K
  class space    used 9791K, committed 10304K, reserved 1048576K
}
Event: 10.073 GC heap after
{Heap after GC invocations=45 (full 0):
 garbage-first heap   total 346112K, used 113428K [0x0000000703200000, 0x0000000800000000)
  region size 2048K, 6 young (12288K), 6 survivors (12288K)
 Metaspace       used 86878K, committed 88000K, reserved 1179648K
  class space    used 9791K, committed 10304K, reserved 1048576K
}
Event: 10.153 GC heap before
{Heap before GC invocations=46 (full 0):
 garbage-first heap   total 346112K, used 307988K [0x0000000703200000, 0x0000000800000000)
  region size 2048K, 101 young (206848K), 6 survivors (12288K)
 Metaspace       used 86879K, committed 88000K, reserved 1179648K
  class space    used 9791K, committed 10304K, reserved 1048576K
}
Event: 10.157 GC heap after
{Heap after GC invocations=47 (full 0):
 garbage-first heap   total 346112K, used 114646K [0x0000000703200000, 0x0000000800000000)
  region size 2048K, 6 young (12288K), 6 survivors (12288K)
 Metaspace       used 86879K, committed 88000K, reserved 1179648K
  class space    used 9791K, committed 10304K, reserved 1048576K
}
Event: 10.212 GC heap before
{Heap before GC invocations=47 (full 0):
 garbage-first heap   total 346112K, used 309206K [0x0000000703200000, 0x0000000800000000)
  region size 2048K, 101 young (206848K), 6 survivors (12288K)
 Metaspace       used 86879K, committed 88000K, reserved 1179648K
  class space    used 9791K, committed 10304K, reserved 1048576K
}

